<?xml version="1.0" encoding="UTF-8"?>
<!-- Generated by org.testng.reporters.JUnitReportReporter -->
<testsuite hostname="LAPTOP-VNKUH07O" name="Package.FlipkartTest" tests="1" failures="0" timestamp="29 Jan 2021 11:50:51 GMT" time="16.763" errors="0">
  <testcase name="flipkart" time="16.763" classname="Package.FlipkartTest"/>
</testsuite> <!-- Package.FlipkartTest -->
